<?xml version="1.0" encoding="utf-8"?><testsuites><testsuite name="pytest" errors="0" failures="0" skipped="0" tests="342" time="2.503" timestamp="2021-12-26T01:43:44.774034" hostname="suda51.fritz.box"><testcase classname="tests.test_applications.CutplaceAppTest" name="test_can_detect_unmatched_data_format" time="0.013" /><testcase classname="tests.test_applications.CutplaceAppTest" name="test_can_validate_after_error" time="0.008" /><testcase classname="tests.test_applications.CutplaceAppTest" name="test_can_validate_csv" time="0.007" /><testcase classname="tests.test_applications.CutplaceAppTest" name="test_can_validate_csv_multiple_times" time="0.013" /><testcase classname="tests.test_applications.CutplaceProcessTest" name="test_can_read_cid_with_plugins" time="0.007" /><testcase classname="tests.test_applications.CutplaceProcessTest" name="test_can_read_csv_cid" time="0.011" /><testcase classname="tests.test_applications.CutplaceProcessTest" name="test_can_read_excel_cid" time="0.021" /><testcase classname="tests.test_applications.CutplaceProcessTest" name="test_can_read_ods_cid" time="0.007" /><testcase classname="tests.test_applications.CutplaceProcessTest" name="test_can_show_help" time="0.007" /><testcase classname="tests.test_applications.CutplaceProcessTest" name="test_can_show_version" time="0.002" /><testcase classname="tests.test_applications.CutplaceProcessTest" name="test_can_validate_csv_with_plugins" time="0.007" /><testcase classname="tests.test_applications.CutplaceProcessTest" name="test_can_validate_proper_csv" time="0.009" /><testcase classname="tests.test_applications.CutplaceProcessTest" name="test_fails_on_broken_csv_with_plugins" time="0.007" /><testcase classname="tests.test_applications.CutplaceProcessTest" name="test_fails_on_non_existent_cid" time="0.004" /><testcase classname="tests.test_applications.CutplaceProcessTest" name="test_fails_on_non_existent_data" time="0.003" /><testcase classname="tests.test_applications.CutplaceProcessTest" name="test_fails_on_unknown_command_line_argument" time="0.002" /><testcase classname="tests.test_applications.CutplaceProcessTest" name="test_fails_without_any_command_line_argument" time="0.002" /><testcase classname="tests.test_applications.CutplaceMainTest" name="test_can_deal_with_broken_cid" time="0.007" /><testcase classname="tests.test_applications.CutplaceMainTest" name="test_can_deal_with_broken_data" time="0.007" /><testcase classname="tests.test_applications.CutplaceMainTest" name="test_can_deal_with_non_existent_cid" time="0.003" /><testcase classname="tests.test_applications.CutplaceMainTest" name="test_can_deal_with_non_existent_data" time="0.007" /><testcase classname="tests.test_applications.CutplaceMainTest" name="test_can_read_cid" time="0.007" /><testcase classname="tests.test_applications.CutplaceMainTest" name="test_can_show_help" time="0.003" /><testcase classname="tests.test_applications.CutplaceMainTest" name="test_can_show_version" time="0.002" /><testcase classname="tests.test_applications.CutplaceMainTest" name="test_can_validate_proper_data" time="0.009" /><testcase classname="tests.test_applications.CutplaceMainTest" name="test_fails_without_any_arguments" time="0.003" /><testcase classname="tests.test_checks._AbstractCheckTest" name="test_can_check_empty_row" time="0.002" /><testcase classname="tests.test_checks._AbstractCheckTest" name="test_can_represent_check_as_str" time="0.001" /><testcase classname="tests.test_checks._AbstractCheckTest" name="test_fails_on_missing_field_names" time="0.001" /><testcase classname="tests.test_checks._AbstractCheckTest" name="test_has_field_names" time="0.001" /><testcase classname="tests.test_checks._AbstractCheckTest" name="test_has_location" time="0.002" /><testcase classname="tests.test_checks.IsUniqueCheckTest" name="test_can_check_empty_row" time="0.002" /><testcase classname="tests.test_checks.IsUniqueCheckTest" name="test_can_represent_check_as_str" time="0.002" /><testcase classname="tests.test_checks.IsUniqueCheckTest" name="test_fails_on_duplicate_with_multiple_fields" time="0.002" /><testcase classname="tests.test_checks.IsUniqueCheckTest" name="test_fails_on_duplicate_with_single_field" time="0.002" /><testcase classname="tests.test_checks.IsUniqueCheckTest" name="test_fails_on_missing_field_names" time="0.001" /><testcase classname="tests.test_checks.IsUniqueCheckTest" name="test_fails_on_rule_starting_with_comma" time="0.002" /><testcase classname="tests.test_checks.IsUniqueCheckTest" name="test_fails_on_rule_with_broken_field_name" time="0.002" /><testcase classname="tests.test_checks.IsUniqueCheckTest" name="test_fails_on_rule_with_duplicate_field_name" time="0.002" /><testcase classname="tests.test_checks.IsUniqueCheckTest" name="test_fails_on_rule_with_missing_comma_between_field_names" time="0.002" /><testcase classname="tests.test_checks.IsUniqueCheckTest" name="test_fails_on_rule_with_two_consecutive_commas" time="0.003" /><testcase classname="tests.test_checks.IsUniqueCheckTest" name="test_fails_on_rule_without_fields" time="0.003" /><testcase classname="tests.test_checks.IsUniqueCheckTest" name="test_has_field_names" time="0.002" /><testcase classname="tests.test_checks.IsUniqueCheckTest" name="test_has_location" time="0.002" /><testcase classname="tests.test_checks.DistinctCountCheckTest" name="test_fails_on_broken_check_rule" time="0.007" /><testcase classname="tests.test_checks.DistinctCountCheckTest" name="test_fails_on_too_many_distinct_values" time="0.002" /><testcase classname="tests.test_data.DataFormatTest" name="test_can_map_csv_to_delimited_format" time="0.001" /><testcase classname="tests.test_data.DataFormatTest" name="test_can_set_decimal_separator" time="0.001" /><testcase classname="tests.test_data.DataFormatTest" name="test_can_set_delimited_properties" time="0.001" /><testcase classname="tests.test_data.DataFormatTest" name="test_can_set_encoding" time="0.001" /><testcase classname="tests.test_data.DataFormatTest" name="test_can_set_escape_character" time="0.001" /><testcase classname="tests.test_data.DataFormatTest" name="test_can_set_excel_properties" time="0.001" /><testcase classname="tests.test_data.DataFormatTest" name="test_can_set_fixed_properties" time="0.001" /><testcase classname="tests.test_data.DataFormatTest" name="test_can_set_header" time="0.001" /><testcase classname="tests.test_data.DataFormatTest" name="test_can_set_item_delimiter" time="0.001" /><testcase classname="tests.test_data.DataFormatTest" name="test_can_set_line_delimiter" time="0.001" /><testcase classname="tests.test_data.DataFormatTest" name="test_can_set_ods_properties" time="0.001" /><testcase classname="tests.test_data.DataFormatTest" name="test_can_set_quote_character" time="0.001" /><testcase classname="tests.test_data.DataFormatTest" name="test_can_set_sheet" time="0.001" /><testcase classname="tests.test_data.DataFormatTest" name="test_can_set_skip_initial_space" time="0.001" /><testcase classname="tests.test_data.DataFormatTest" name="test_can_set_thousands_separator" time="0.001" /><testcase classname="tests.test_data.DataFormatTest" name="test_can_validate_allowed_characters" time="0.001" /><testcase classname="tests.test_data.DataFormatTest" name="test_can_validate_character" time="0.006" /><testcase classname="tests.test_data.DataFormatTest" name="test_create_data_format" time="0.001" /><testcase classname="tests.test_data.DataFormatTest" name="test_fails_on_broken_decimal_separator" time="0.001" /><testcase classname="tests.test_data.DataFormatTest" name="test_fails_on_broken_encoding" time="0.001" /><testcase classname="tests.test_data.DataFormatTest" name="test_fails_on_broken_escape_character" time="0.001" /><testcase classname="tests.test_data.DataFormatTest" name="test_fails_on_broken_item_delimiter" time="0.002" /><testcase classname="tests.test_data.DataFormatTest" name="test_fails_on_broken_quote_character" time="0.001" /><testcase classname="tests.test_data.DataFormatTest" name="test_fails_on_broken_thousands_separator" time="0.001" /><testcase classname="tests.test_data.DataFormatTest" name="test_fails_on_header_less_than_0" time="0.001" /><testcase classname="tests.test_data.DataFormatTest" name="test_fails_on_invalid_allowed_characters" time="0.001" /><testcase classname="tests.test_data.DataFormatTest" name="test_fails_on_invalid_skip_initial_space" time="0.001" /><testcase classname="tests.test_data.DataFormatTest" name="test_fails_on_non_numeric_header" time="0.001" /><testcase classname="tests.test_data.DataFormatTest" name="test_fails_on_non_numeric_sheet" time="0.001" /><testcase classname="tests.test_data.DataFormatTest" name="test_fails_on_same_decimal_and_thousands_separator" time="0.001" /><testcase classname="tests.test_data.DataFormatTest" name="test_fails_on_same_item_delimiter_and_quote_character" time="0.001" /><testcase classname="tests.test_data.DataFormatTest" name="test_fails_on_same_line_and_item_delimiter" time="0.001" /><testcase classname="tests.test_data.DataFormatTest" name="test_fails_on_same_quote_character_and_item_delimiter" time="0.001" /><testcase classname="tests.test_data.DataFormatTest" name="test_fails_on_unknown_data_format" time="0.002" /><testcase classname="tests.test_data.DataFormatTest" name="test_fails_on_unsupported_delimited_property" time="0.001" /><testcase classname="tests.test_data.DataFormatTest" name="test_fails_on_unsupported_excel_property" time="0.001" /><testcase classname="tests.test_data.DataFormatTest" name="test_fails_on_unsupported_fixed_property" time="0.001" /><testcase classname="tests.test_data.DataFormatTest" name="test_fails_on_unsupported_line_delimiter" time="0.001" /><testcase classname="tests.test_data.DataFormatTest" name="test_fails_on_unsupported_ods_property" time="0.001" /><testcase classname="tests.test_data.DataFormatTest" name="test_fails_on_validated_character_with_empty_text" time="0.002" /><testcase classname="tests.test_data.DataFormatTest" name="test_fails_on_validated_character_with_float" time="0.003" /><testcase classname="tests.test_data.DataFormatTest" name="test_fails_on_validated_character_with_multiple_characters_as_string" time="0.002" /><testcase classname="tests.test_data.DataFormatTest" name="test_fails_on_validated_character_with_unknown_symbolic_name" time="0.003" /><testcase classname="tests.test_data.DataFormatTest" name="test_fails_on_validated_character_with_unterminated_multi_line_expression" time="0.003" /><testcase classname="tests.test_data.DataFormatTest" name="test_fails_on_validated_character_with_unterminated_string" time="0.003" /><testcase classname="tests.test_data.DataFormatTest" name="test_fails_on_validated_character_with_white_space_only" time="0.002" /><testcase classname="tests.test_data.DataFormatTest" name="test_fails_on_validated_character_with_with_two_symbolic_names" time="0.003" /><testcase classname="tests.test_data.DataFormatTest" name="test_fails_on_zero_item_delimiter" time="0.002" /><testcase classname="tests.test_docs.DocumentationTest" name="test_can_run_examples_in_api_rst" time="0.023" /><testcase classname="tests.test_errors.LocationTest" name="test_can_compare_two_locations" time="0.001" /><testcase classname="tests.test_errors.LocationTest" name="test_can_create_caller_location" time="0.002" /><testcase classname="tests.test_errors.LocationTest" name="test_can_work_with_location" time="0.001" /><testcase classname="tests.test_errors.CutplaceErrorTest" name="test_can_create_cutplace_error_with_see_also_details" time="0.001" /><testcase classname="tests.test_errors.CutplaceErrorTest" name="test_can_create_simple_cutplace_error" time="0.001" /><testcase classname="tests.test_fields.AbstractFieldFormatTest" name="test_can_accept_empty_value_for_field_allowed_to_be_empty" time="0.001" /><testcase classname="tests.test_fields.AbstractFieldFormatTest" name="test_can_clear_example" time="0.001" /><testcase classname="tests.test_fields.AbstractFieldFormatTest" name="test_can_create_empty_field_with_length_limit" time="0.001" /><testcase classname="tests.test_fields.AbstractFieldFormatTest" name="test_can_output_field_format_as_string" time="0.001" /><testcase classname="tests.test_fields.AbstractFieldFormatTest" name="test_can_raise_not_implemented_error" time="0.001" /><testcase classname="tests.test_fields.AbstractFieldFormatTest" name="test_can_reject_empty_value_for_field_not_allowed_to_be_empty" time="0.001" /><testcase classname="tests.test_fields.AbstractFieldFormatTest" name="test_can_validate_length" time="0.001" /><testcase classname="tests.test_fields.AbstractFieldFormatTest" name="test_fails_on_invalid_character" time="0.003" /><testcase classname="tests.test_fields.AbstractFieldFormatTest" name="test_fails_on_validation_of_broken_length" time="0.002" /><testcase classname="tests.test_fields.DateTimeFieldFormatTest" name="test_can_accept_empty_date" time="0.001" /><testcase classname="tests.test_fields.DateTimeFieldFormatTest" name="test_can_accept_valid_dates" time="0.001" /><testcase classname="tests.test_fields.DateTimeFieldFormatTest" name="test_can_handle_rule_with_percent_sign" time="0.002" /><testcase classname="tests.test_fields.DateTimeFieldFormatTest" name="test_fails_on_broken_dates" time="0.001" /><testcase classname="tests.test_fields.DecimalFieldFormatTest" name="test_can_use_default_rule" time="0.002" /><testcase classname="tests.test_fields.DecimalFieldFormatTest" name="test_can_validate_decimals" time="0.001" /><testcase classname="tests.test_fields.DecimalFieldFormatTest" name="test_can_validate_german_decimals" time="0.001" /><testcase classname="tests.test_fields.DecimalFieldFormatTest" name="test_can_validate_rule_for_field_format" time="0.002" /><testcase classname="tests.test_fields.DecimalFieldFormatTest" name="test_fails_on_double_decimal_separator" time="0.001" /><testcase classname="tests.test_fields.DecimalFieldFormatTest" name="test_fails_on_no_numeric_value" time="0.001" /><testcase classname="tests.test_fields.DecimalFieldFormatTest" name="test_fails_on_outer_range_for_field_rule" time="0.002" /><testcase classname="tests.test_fields.DecimalFieldFormatTest" name="test_fails_on_thousand_separator_after_decimal_separator" time="0.001" /><testcase classname="tests.test_fields.IntegerFieldFormatTest" name="test_can_accept_valid_example" time="0.001" /><testcase classname="tests.test_fields.IntegerFieldFormatTest" name="test_can_set_default_range_without_rule" time="0.001" /><testcase classname="tests.test_fields.IntegerFieldFormatTest" name="test_can_set_range_from_length" time="0.001" /><testcase classname="tests.test_fields.IntegerFieldFormatTest" name="test_can_set_range_from_length_or_rule" time="0.002" /><testcase classname="tests.test_fields.IntegerFieldFormatTest" name="test_can_set_range_from_rule" time="0.001" /><testcase classname="tests.test_fields.IntegerFieldFormatTest" name="test_can_validate_empty_value_with_range_from_length" time="0.001" /><testcase classname="tests.test_fields.IntegerFieldFormatTest" name="test_can_validate_field_with_range" time="0.001" /><testcase classname="tests.test_fields.IntegerFieldFormatTest" name="test_can_validate_field_with_range_from_length" time="0.002" /><testcase classname="tests.test_fields.IntegerFieldFormatTest" name="test_can_validate_fixed_format_with_length_and_rule" time="0.001" /><testcase classname="tests.test_fields.IntegerFieldFormatTest" name="test_fails_on_inconsistent_fixed_length_and_rule" time="0.003" /><testcase classname="tests.test_fields.IntegerFieldFormatTest" name="test_fails_on_inconsistent_length_and_rule" time="0.002" /><testcase classname="tests.test_fields.IntegerFieldFormatTest" name="test_fails_on_invalid_example" time="0.001" /><testcase classname="tests.test_fields.IntegerFieldFormatTest" name="test_fails_on_no_number" time="0.001" /><testcase classname="tests.test_fields.IntegerFieldFormatTest" name="test_fails_on_too_big_number" time="0.001" /><testcase classname="tests.test_fields.IntegerFieldFormatTest" name="test_fails_on_too_small_number" time="0.002" /><testcase classname="tests.test_fields.RegExFieldFormatTest" name="test_can_accept_matching_value" time="0.001" /><testcase classname="tests.test_fields.RegExFieldFormatTest" name="test_fails_on_broken_regex" time="0.002" /><testcase classname="tests.test_fields.RegExFieldFormatTest" name="test_fails_on_unmatched_value" time="0.001" /><testcase classname="tests.test_fields.ChoiceFieldFormatTest" name="test_can_match_choice" time="0.001" /><testcase classname="tests.test_fields.ChoiceFieldFormatTest" name="test_can_match_non_ascii_choice" time="0.001" /><testcase classname="tests.test_fields.ChoiceFieldFormatTest" name="test_can_match_only_choice" time="0.001" /><testcase classname="tests.test_fields.ChoiceFieldFormatTest" name="test_can_match_possibly_empty_field_with_length" time="0.001" /><testcase classname="tests.test_fields.ChoiceFieldFormatTest" name="test_can_match_rule_embedded_in_blanks" time="0.001" /><testcase classname="tests.test_fields.ChoiceFieldFormatTest" name="test_fails_on_broken_rule" time="0.002" /><testcase classname="tests.test_fields.ChoiceFieldFormatTest" name="test_fails_on_empty_choice" time="0.001" /><testcase classname="tests.test_fields.ChoiceFieldFormatTest" name="test_fails_on_empty_rule" time="0.001" /><testcase classname="tests.test_fields.ChoiceFieldFormatTest" name="test_fails_on_improper_choice" time="0.002" /><testcase classname="tests.test_fields.ChoiceFieldFormatTest" name="test_fails_on_wrong_case" time="0.002" /><testcase classname="tests.test_fields.ConstantFieldFormatTest" name="test_can_match_constant_float" time="0.002" /><testcase classname="tests.test_fields.ConstantFieldFormatTest" name="test_can_match_constant_integer" time="0.001" /><testcase classname="tests.test_fields.ConstantFieldFormatTest" name="test_can_match_constant_name" time="0.001" /><testcase classname="tests.test_fields.ConstantFieldFormatTest" name="test_can_match_constant_string" time="0.001" /><testcase classname="tests.test_fields.ConstantFieldFormatTest" name="test_can_match_empty_constant" time="0.001" /><testcase classname="tests.test_fields.ConstantFieldFormatTest" name="test_fails_on_empty_constant_with_non_empty_rule" time="0.002" /><testcase classname="tests.test_fields.ConstantFieldFormatTest" name="test_fails_on_empty_value" time="0.001" /><testcase classname="tests.test_fields.ConstantFieldFormatTest" name="test_fails_on_inconsistent_length" time="0.002" /><testcase classname="tests.test_fields.ConstantFieldFormatTest" name="test_fails_on_missing_empty_flag_with_empty_rule" time="0.002" /><testcase classname="tests.test_fields.ConstantFieldFormatTest" name="test_fails_on_multiple_tokens_in_rule" time="0.002" /><testcase classname="tests.test_fields.ConstantFieldFormatTest" name="test_fails_on_other_value" time="0.002" /><testcase classname="tests.test_fields.PatternFieldFormatTest" name="test_can_accept_value_matching_pattern" time="0.001" /><testcase classname="tests.test_fields.PatternFieldFormatTest" name="test_fails_on_value_not_matching_pattern" time="0.001" /><testcase classname="tests.test_fields.PublicFieldFunctionTest" name="test_fails_on_non_ascii_character" time="0.001" /><testcase classname="tests.test_interface.CidTest" name="test_can_access_field_information" time="0.002" /><testcase classname="tests.test_interface.CidTest" name="test_can_be_rendered_as_str" time="0.006" /><testcase classname="tests.test_interface.CidTest" name="test_can_create_cid_from_text" time="0.002" /><testcase classname="tests.test_interface.CidTest" name="test_can_create_empty_cid" time="0.002" /><testcase classname="tests.test_interface.CidTest" name="test_can_handle_all_field_formats_from_array" time="0.003" /><testcase classname="tests.test_interface.CidTest" name="test_can_handle_all_field_formats_from_excel" time="0.024" /><testcase classname="tests.test_interface.CidTest" name="test_can_handle_checks_from_excel" time="0.014" /><testcase classname="tests.test_interface.CidTest" name="test_can_read_delimited_rows" time="0.005" /><testcase classname="tests.test_interface.CidTest" name="test_can_read_excel_and_create_data_format_delimited" time="0.016" /><testcase classname="tests.test_interface.CidTest" name="test_can_read_field_type_text_field" time="0.002" /><testcase classname="tests.test_interface.CidTest" name="test_can_read_fields_from_excel" time="0.015" /><testcase classname="tests.test_interface.CidTest" name="test_can_skip_empty_rows" time="0.002" /><testcase classname="tests.test_interface.CidTest" name="test_fails_on_broken_example" time="0.003" /><testcase classname="tests.test_interface.CidTest" name="test_fails_on_broken_field_name" time="0.002" /><testcase classname="tests.test_interface.CidTest" name="test_fails_on_broken_field_rule" time="0.003" /><testcase classname="tests.test_interface.CidTest" name="test_fails_on_broken_mark_for_empty_field" time="0.002" /><testcase classname="tests.test_interface.CidTest" name="test_fails_on_check_before_data_format_and_fields" time="0.002" /><testcase classname="tests.test_interface.CidTest" name="test_fails_on_check_before_fields" time="0.001" /><testcase classname="tests.test_interface.CidTest" name="test_fails_on_check_without_description" time="0.002" /><testcase classname="tests.test_interface.CidTest" name="test_fails_on_check_without_rule" time="0.001" /><testcase classname="tests.test_interface.CidTest" name="test_fails_on_check_without_type" time="0.003" /><testcase classname="tests.test_interface.CidTest" name="test_fails_on_duplicate_check_declaration" time="0.003" /><testcase classname="tests.test_interface.CidTest" name="test_fails_on_duplicate_data_format" time="0.004" /><testcase classname="tests.test_interface.CidTest" name="test_fails_on_duplicate_field_name" time="0.002" /><testcase classname="tests.test_interface.CidTest" name="test_fails_on_empty_cid_from_text" time="0.002" /><testcase classname="tests.test_interface.CidTest" name="test_fails_on_empty_data_format_property_name" time="0.002" /><testcase classname="tests.test_interface.CidTest" name="test_fails_on_empty_field_name" time="0.002" /><testcase classname="tests.test_interface.CidTest" name="test_fails_on_field_before_data_format" time="0.002" /><testcase classname="tests.test_interface.CidTest" name="test_fails_on_fixed_field_length_less_than_1" time="0.002" /><testcase classname="tests.test_interface.CidTest" name="test_fails_on_invalid_row_typ" time="0.002" /><testcase classname="tests.test_interface.CidTest" name="test_fails_on_lower_field_length_less_than_0" time="0.002" /><testcase classname="tests.test_interface.CidTest" name="test_fails_on_missing_data_format_property_name" time="0.002" /><testcase classname="tests.test_interface.CidTest" name="test_fails_on_missing_data_format_property_value" time="0.002" /><testcase classname="tests.test_interface.CidTest" name="test_fails_on_missing_fixed_field_length" time="0.002" /><testcase classname="tests.test_interface.CidTest" name="test_fails_on_no_fields_at_all" time="0.002" /><testcase classname="tests.test_interface.CidTest" name="test_fails_on_no_format_for_data_format" time="0.002" /><testcase classname="tests.test_interface.CidTest" name="test_fails_on_numeric_field_name" time="0.002" /><testcase classname="tests.test_interface.CidTest" name="test_fails_on_python_keyword_as_field_name" time="0.002" /><testcase classname="tests.test_interface.CidTest" name="test_fails_on_range_for_fixed_field_length" time="0.003" /><testcase classname="tests.test_interface.CidTest" name="test_fails_on_special_character_as_field_name" time="0.002" /><testcase classname="tests.test_interface.CidTest" name="test_fails_on_unknown_data_format" time="0.002" /><testcase classname="tests.test_interface.CidTest" name="test_fails_on_unknown_field_type" time="0.002" /><testcase classname="tests.test_interface.CidTest" name="test_fails_on_upper_field_length_less_than_0" time="0.003" /><testcase classname="tests.test_ods.OdsTest" name="test_can_convert_ods_to_csv" time="0.004" /><testcase classname="tests.test_ods.OdsTest" name="test_can_convert_ods_to_rst" time="0.003" /><testcase classname="tests.test_ods.OdsTest" name="test_fails_on_broken_sheet" time="0.006" /><testcase classname="tests.test_ods.OdsTest" name="test_fails_on_kinky_file_name" time="0.003" /><testcase classname="tests.test_ods.OdsTest" name="test_fails_without_command_line_arguments" time="0.003" /><testcase classname="tests.test_performance.PerformanceTest" name="test_can_validate_many_customers" time="0.058" /><testcase classname="tests.test_ranges.RangeTest" name="test_can_create_range_from_length" time="0.003" /><testcase classname="tests.test_ranges.RangeTest" name="test_can_display_lower_is_upper_length" time="0.001" /><testcase classname="tests.test_ranges.RangeTest" name="test_can_display_multi_range" time="0.001" /><testcase classname="tests.test_ranges.RangeTest" name="test_can_get_lower_limit" time="0.001" /><testcase classname="tests.test_ranges.RangeTest" name="test_can_get_upper_limit" time="0.001" /><testcase classname="tests.test_ranges.RangeTest" name="test_can_handle_empty_range" time="0.001" /><testcase classname="tests.test_ranges.RangeTest" name="test_can_override_default_range" time="0.001" /><testcase classname="tests.test_ranges.RangeTest" name="test_can_parse_hex_range" time="0.001" /><testcase classname="tests.test_ranges.RangeTest" name="test_can_parse_multiple_ranges" time="0.001" /><testcase classname="tests.test_ranges.RangeTest" name="test_can_parse_proper_ranges" time="0.001" /><testcase classname="tests.test_ranges.RangeTest" name="test_can_parse_symbolic_range" time="0.001" /><testcase classname="tests.test_ranges.RangeTest" name="test_can_parse_text_range" time="0.001" /><testcase classname="tests.test_ranges.RangeTest" name="test_can_represent_range_containing_none" time="0.001" /><testcase classname="tests.test_ranges.RangeTest" name="test_can_use_default_range" time="0.001" /><testcase classname="tests.test_ranges.RangeTest" name="test_can_validate_with_lower_and_upper_limit" time="0.001" /><testcase classname="tests.test_ranges.RangeTest" name="test_can_validate_with_lower_limit_only" time="0.001" /><testcase classname="tests.test_ranges.RangeTest" name="test_can_validate_with_multi_range" time="0.001" /><testcase classname="tests.test_ranges.RangeTest" name="test_can_validate_with_upper_limit_only" time="0.001" /><testcase classname="tests.test_ranges.RangeTest" name="test_fails_on_broken_ranges" time="0.003" /><testcase classname="tests.test_ranges.RangeTest" name="test_fails_on_create_range_from_negative_length" time="0.001" /><testcase classname="tests.test_ranges.RangeTest" name="test_fails_on_floating_point_number" time="0.002" /><testcase classname="tests.test_ranges.RangeTest" name="test_fails_on_inconsistent_overlapping_multi_range" time="0.002" /><testcase classname="tests.test_ranges.RangeTest" name="test_fails_on_inconsistent_symbolic_names" time="0.001" /><testcase classname="tests.test_ranges.RangeTest" name="test_fails_on_missing_numbers" time="0.001" /><testcase classname="tests.test_ranges.RangeTest" name="test_fails_on_string_with_multiple_characters" time="0.001" /><testcase classname="tests.test_ranges.RangeTest" name="test_fails_on_unknown_symbolic_name" time="0.001" /><testcase classname="tests.test_ranges.RangeTest" name="test_fails_on_unterminated_string" time="0.001" /><testcase classname="tests.test_ranges.DecimalRangeTest" name="test_can_display_lower_is_upper_length" time="0.001" /><testcase classname="tests.test_ranges.DecimalRangeTest" name="test_can_display_multi_range" time="0.001" /><testcase classname="tests.test_ranges.DecimalRangeTest" name="test_can_get_lower_limit" time="0.001" /><testcase classname="tests.test_ranges.DecimalRangeTest" name="test_can_get_upper_limit" time="0.001" /><testcase classname="tests.test_ranges.DecimalRangeTest" name="test_can_handle_empty_range" time="0.001" /><testcase classname="tests.test_ranges.DecimalRangeTest" name="test_can_handle_proper_decimal_ranges" time="0.002" /><testcase classname="tests.test_ranges.DecimalRangeTest" name="test_can_handle_scientific_notation" time="0.001" /><testcase classname="tests.test_ranges.DecimalRangeTest" name="test_can_override_default_range" time="0.001" /><testcase classname="tests.test_ranges.DecimalRangeTest" name="test_can_parse_multiple_ranges" time="0.001" /><testcase classname="tests.test_ranges.DecimalRangeTest" name="test_can_process_empty_range" time="0.001" /><testcase classname="tests.test_ranges.DecimalRangeTest" name="test_can_represent_range_containing_none" time="0.001" /><testcase classname="tests.test_ranges.DecimalRangeTest" name="test_can_set_precision_and_scale" time="0.001" /><testcase classname="tests.test_ranges.DecimalRangeTest" name="test_can_use_default_range" time="0.001" /><testcase classname="tests.test_ranges.DecimalRangeTest" name="test_can_validate_values" time="0.001" /><testcase classname="tests.test_ranges.DecimalRangeTest" name="test_fails_on_broken_ranges" time="0.003" /><testcase classname="tests.test_ranges.DecimalRangeTest" name="test_fails_on_inconsistent_overlapping_multi_range" time="0.003" /><testcase classname="tests.test_ranges.DecimalRangeTest" name="test_fails_on_non_decimal_value_to_validate" time="0.001" /><testcase classname="tests.test_ranges.DecimalRangeTest" name="test_fails_on_parse_hex_range" time="0.002" /><testcase classname="tests.test_ranges.DecimalRangeTest" name="test_fails_on_parse_symbolic_range" time="0.002" /><testcase classname="tests.test_ranges.DecimalRangeTest" name="test_fails_on_parse_text_range" time="0.002" /><testcase classname="tests.test_ranges.DecimalRangeTest" name="test_fails_on_value_out_of_range" time="0.003" /><testcase classname="tests.test_rowio.ExcelRowsTest" name="test_can_extract_all_excel_field_types" time="0.019" /><testcase classname="tests.test_rowio.ExcelRowsTest" name="test_can_read_excel_rows" time="0.010" /><testcase classname="tests.test_rowio.ExcelRowsTest" name="test_fails_on_excel_from_csv" time="0.012" /><testcase classname="tests.test_rowio.ExcelRowsTest" name="test_fails_on_excel_from_ods" time="0.001" /><testcase classname="tests.test_rowio.OdsRowsTest" name="test_can_read_ods_rows" time="0.003" /><testcase classname="tests.test_rowio.OdsRowsTest" name="test_fails_on_non_existent_ods_sheet" time="0.002" /><testcase classname="tests.test_rowio.OdsRowsTest" name="test_fails_on_ods_from_csv" time="0.001" /><testcase classname="tests.test_rowio.OdsRowsTest" name="test_fails_on_ods_from_excel" time="0.002" /><testcase classname="tests.test_rowio.OdsRowsTest" name="test_fails_on_ods_without_broken_content_xml" time="0.002" /><testcase classname="tests.test_rowio.OdsRowsTest" name="test_fails_on_ods_without_content_xml" time="0.001" /><testcase classname="tests.test_rowio.DelimitedRowsTest" name="test_can_read_delimited_non_ascii" time="0.001" /><testcase classname="tests.test_rowio.DelimitedRowsTest" name="test_fails_on_delimited_with_unterminated_quote" time="0.006" /><testcase classname="tests.test_rowio.FixedRowsTest" name="test_can_auto_read_excel_rows" time="0.011" /><testcase classname="tests.test_rowio.FixedRowsTest" name="test_can_read_empty_fixed_rows" time="0.001" /><testcase classname="tests.test_rowio.FixedRowsTest" name="test_can_read_fixed_rows" time="0.009" /><testcase classname="tests.test_rowio.FixedRowsTest" name="test_can_read_fixed_rows_with_any_line_delimiter" time="0.001" /><testcase classname="tests.test_rowio.FixedRowsTest" name="test_can_read_fixed_rows_with_crlf_line_delimiter_combinations" time="0.001" /><testcase classname="tests.test_rowio.FixedRowsTest" name="test_can_read_fixed_rows_with_missing_terminating_line_delimiter" time="0.001" /><testcase classname="tests.test_rowio.FixedRowsTest" name="test_can_read_fixed_rows_with_mixed_line_delimiters" time="0.001" /><testcase classname="tests.test_rowio.FixedRowsTest" name="test_can_read_fixed_rows_with_mixed_line_delimiters_terminated_by_carriage_return" time="0.001" /><testcase classname="tests.test_rowio.FixedRowsTest" name="test_can_read_fixed_rows_without_line_delimiter" time="0.001" /><testcase classname="tests.test_rowio.FixedRowsTest" name="test_fails_on_fixed_rows_with_broken_any_line_delimiter" time="0.002" /><testcase classname="tests.test_rowio.FixedRowsTest" name="test_fails_on_fixed_rows_with_broken_line_delimiter" time="0.001" /><testcase classname="tests.test_rowio.FixedRowsTest" name="test_fails_on_fixed_rows_with_incomplete_record" time="0.002" /><testcase classname="tests.test_rowio.FixedRowsTest" name="test_fails_on_fixed_rows_with_missing_record" time="0.002" /><testcase classname="tests.test_rowio.AutoRowsTest" name="test_can_auto_read_ods_rows" time="0.002" /><testcase classname="tests.test_rowio.DelimitedRowWriterTest" name="test_can_write_delimited_data_to_path" time="0.001" /><testcase classname="tests.test_rowio.DelimitedRowWriterTest" name="test_can_write_delimited_data_to_string_io" time="0.001" /><testcase classname="tests.test_rowio.DelimitedRowWriterTest" name="test_fails_on_unicode_error_during_delimited_write" time="0.002" /><testcase classname="tests.test_rowio.FixedRowWriterTest" name="test_can_write_fixed_data_to_string" time="0.001" /><testcase classname="tests.test_rowio.FixedRowWriterTest" name="test_can_write_fixed_data_without_line_delimiter" time="0.001" /><testcase classname="tests.test_rowio.FixedRowWriterTest" name="test_fails_on_unicode_error_during_fixed_write" time="0.002" /><testcase classname="tests.test_rowio.XlsxRowWriterTest" name="test_can_write_xlsx" time="0.014" /><testcase classname="tests.test_sql.SqlFactoryTest" name="test_can_create_char_field" time="0.002" /><testcase classname="tests.test_sql.SqlFactoryTest" name="test_can_create_date_field" time="0.002" /><testcase classname="tests.test_sql.SqlFactoryTest" name="test_can_create_decimal_field" time="0.002" /><testcase classname="tests.test_sql.SqlFactoryTest" name="test_can_create_int_field" time="0.002" /><testcase classname="tests.test_sql.SqlFactoryTest" name="test_can_create_sql_create_statement" time="0.004" /><testcase classname="tests.test_sql.SqlFactoryTest" name="test_can_create_sql_create_statement_for_sqlite" time="0.004" /><testcase classname="tests.test_sql.SqlFactoryTest" name="test_can_create_sql_factory" time="0.003" /><testcase classname="tests.test_sql.SqlFactoryTest" name="test_can_escape_keywords" time="0.002" /><testcase classname="tests.test_sql.SqlFactoryTest" name="test_can_handle_db2_dialect" time="0.003" /><testcase classname="tests.test_sql.SqlFactoryTest" name="test_can_handle_ms_sql_dialect" time="0.003" /><testcase classname="tests.test_sql.SqlFactoryTest" name="test_can_handle_oracle_sql_dialect" time="0.004" /><testcase classname="tests.test_tools.ToolsTest" name="test_can_build_human_readable_list" time="0.001" /><testcase classname="tests.test_tools.ToolsTest" name="test_can_build_name_with_suffix" time="0.001" /><testcase classname="tests.test_tools.ToolsTest" name="test_can_compute_length_of_int" time="0.001" /><testcase classname="tests.test_tools.ToolsTest" name="test_can_create_test_customer_row" time="0.003" /><testcase classname="tests.test_tools.ToolsTest" name="test_can_create_test_date_time" time="0.002" /><testcase classname="tests.test_tools.ToolsTest" name="test_can_create_test_name" time="0.001" /><testcase classname="tests.test_tools.ToolsTest" name="test_can_validate_python_name" time="0.001" /><testcase classname="tests.test_tools.ToolsTest" name="test_fails_on_mkdirs_with_empty_path" time="0.001" /><testcase classname="tests.test_validio.ReaderTest" name="test_can_continue_after_errors" time="0.002" /><testcase classname="tests.test_validio.ReaderTest" name="test_can_open_and_validate_csv" time="0.007" /><testcase classname="tests.test_validio.ReaderTest" name="test_can_open_and_validate_excel" time="0.020" /><testcase classname="tests.test_validio.ReaderTest" name="test_can_open_and_validate_fixed" time="0.017" /><testcase classname="tests.test_validio.ReaderTest" name="test_can_open_and_validate_ods" time="0.016" /><testcase classname="tests.test_validio.ReaderTest" name="test_can_process_escape_character" time="0.001" /><testcase classname="tests.test_validio.ReaderTest" name="test_can_skip_header" time="0.001" /><testcase classname="tests.test_validio.ReaderTest" name="test_can_skip_part_of_validation" time="0.001" /><testcase classname="tests.test_validio.ReaderTest" name="test_can_skip_whole_validation" time="0.001" /><testcase classname="tests.test_validio.ReaderTest" name="test_can_yield_errors" time="0.001" /><testcase classname="tests.test_validio.ReaderTest" name="test_fails_on_broken_data_before_skipping_validation" time="0.002" /><testcase classname="tests.test_validio.ReaderTest" name="test_fails_on_csv_with_fewer_elements_than_expected" time="0.015" /><testcase classname="tests.test_validio.ReaderTest" name="test_fails_on_csv_with_more_elements_than_expected" time="0.017" /><testcase classname="tests.test_validio.ReaderTest" name="test_fails_on_error_in_first_non_header_row" time="0.003" /><testcase classname="tests.test_validio.ReaderTest" name="test_fails_on_invalid_csv" time="0.014" /><testcase classname="tests.test_validio.ReaderTest" name="test_fails_on_invalid_csv_with_duplicates" time="0.018" /><testcase classname="tests.test_validio.WriterTest" name="test_can_write_delimited" time="0.002" /><testcase classname="tests.test_validio.WriterTest" name="test_can_write_delimited_header" time="0.002" /><testcase classname="tests.test_validio.WriterTest" name="test_can_write_fixed_multiple_rows" time="0.002" /><testcase classname="tests.test_validio.WriterTest" name="test_can_write_too_short_fixed_field" time="0.002" /><testcase classname="tests.test_validio.WriterTest" name="test_fails_on_error_after_header" time="0.003" /><testcase classname="tests.test_validio.WriterTest" name="test_fails_on_writing_broken_field" time="0.003" /><testcase classname="tests.test_validio.WriterTest" name="test_fails_on_writing_fixed_integer_field_with_non_numeric_value" time="0.004" /><testcase classname="tests.test_validio.WriterTest" name="test_fails_on_writing_fixed_row_with_too_few_fields" time="0.003" /><testcase classname="tests.test_validio.WriterTest" name="test_fails_on_writing_too_long_fixed_field" time="0.004" /><testcase classname="tests.test_validio.ValidationFunctionsTest" name="test_can_read_rows_from_cid_and_stream" time="0.006" /><testcase classname="tests.test_validio.ValidationFunctionsTest" name="test_can_read_rows_from_files" time="0.021" /><testcase classname="tests.test_validio.ValidationFunctionsTest" name="test_can_validate_from_cid_and_stream" time="0.006" /><testcase classname="tests.test_validio.ValidationFunctionsTest" name="test_can_validate_from_files" time="0.020" /><testcase classname="tests.test_validio.ValidationFunctionsTest" name="test_can_validate_until" time="0.010" /></testsuite></testsuites>